Started GET "/" for ::1 at 2021-12-20 10:27:44 -0500
Processing by Rails::WelcomeController#index as HTML
  Rendering /Users/erinbond/.rbenv/versions/2.5.0/lib/ruby/gems/2.5.0/gems/railties-5.2.6/lib/rails/templates/rails/welcome/index.html.erb
  Rendered /Users/erinbond/.rbenv/versions/2.5.0/lib/ruby/gems/2.5.0/gems/railties-5.2.6/lib/rails/templates/rails/welcome/index.html.erb (1.9ms)
Completed 200 OK in 12ms (Views: 6.6ms | ActiveRecord: 0.0ms)


Started GET "/books" for ::1 at 2021-12-20 10:36:55 -0500
Processing by BooksController#index as HTML
  Rendering books/index.html.erb within layouts/application
  Rendered books/index.html.erb within layouts/application (0.5ms)
Completed 200 OK in 1010ms (Views: 1007.1ms | ActiveRecord: 0.0ms)


  [1m[35m (0.1ms)[0m  [1m[34mSELECT sqlite_version(*)[0m
  ↳ /Users/erinbond/.rbenv/versions/2.5.0/bin/rake:23
  [1m[35m (1.0ms)[0m  [1m[35mCREATE TABLE "schema_migrations" ("version" varchar NOT NULL PRIMARY KEY)[0m
  ↳ /Users/erinbond/.rbenv/versions/2.5.0/bin/rake:23
  [1m[35m (1.0ms)[0m  [1m[35mCREATE TABLE "ar_internal_metadata" ("key" varchar NOT NULL PRIMARY KEY, "value" varchar, "created_at" datetime NOT NULL, "updated_at" datetime NOT NULL)[0m
  ↳ /Users/erinbond/.rbenv/versions/2.5.0/bin/rake:23
  [1m[35m (0.1ms)[0m  [1m[34mSELECT "schema_migrations"."version" FROM "schema_migrations" ORDER BY "schema_migrations"."version" ASC[0m
  ↳ /Users/erinbond/.rbenv/versions/2.5.0/bin/rake:23
Migrating to CreateUsers (20211220154942)
  [1m[35m (0.0ms)[0m  [1m[36mbegin transaction[0m
  ↳ /Users/erinbond/.rbenv/versions/2.5.0/bin/rake:23
  [1m[35m (0.3ms)[0m  [1m[35mCREATE TABLE "users" ("id" integer PRIMARY KEY AUTOINCREMENT NOT NULL, "username" varchar, "password_digest" varchar, "created_at" datetime NOT NULL, "updated_at" datetime NOT NULL)[0m
  ↳ db/migrate/20211220154942_create_users.rb:3
  [1m[36mActiveRecord::SchemaMigration Create (0.1ms)[0m  [1m[32mINSERT INTO "schema_migrations" ("version") VALUES (?)[0m  [["version", "20211220154942"]]
  ↳ /Users/erinbond/.rbenv/versions/2.5.0/bin/rake:23
  [1m[35m (0.7ms)[0m  [1m[36mcommit transaction[0m
  ↳ /Users/erinbond/.rbenv/versions/2.5.0/bin/rake:23
  [1m[36mActiveRecord::InternalMetadata Load (0.1ms)[0m  [1m[34mSELECT  "ar_internal_metadata".* FROM "ar_internal_metadata" WHERE "ar_internal_metadata"."key" = ? LIMIT ?[0m  [["key", "environment"], ["LIMIT", 1]]
  ↳ /Users/erinbond/.rbenv/versions/2.5.0/bin/rake:23
  [1m[35m (0.0ms)[0m  [1m[36mbegin transaction[0m
  ↳ /Users/erinbond/.rbenv/versions/2.5.0/bin/rake:23
  [1m[36mActiveRecord::InternalMetadata Create (0.2ms)[0m  [1m[32mINSERT INTO "ar_internal_metadata" ("key", "value", "created_at", "updated_at") VALUES (?, ?, ?, ?)[0m  [["key", "environment"], ["value", "development"], ["created_at", "2021-12-20 15:50:52.242114"], ["updated_at", "2021-12-20 15:50:52.242114"]]
  ↳ /Users/erinbond/.rbenv/versions/2.5.0/bin/rake:23
  [1m[35m (0.6ms)[0m  [1m[36mcommit transaction[0m
  ↳ /Users/erinbond/.rbenv/versions/2.5.0/bin/rake:23
  [1m[35m (0.1ms)[0m  [1m[34mSELECT "schema_migrations"."version" FROM "schema_migrations" ORDER BY "schema_migrations"."version" ASC[0m
  ↳ /Users/erinbond/.rbenv/versions/2.5.0/bin/rake:23
Started GET "/signup" for ::1 at 2021-12-20 10:55:13 -0500
  [1m[35m (0.3ms)[0m  [1m[34mSELECT "schema_migrations"."version" FROM "schema_migrations" ORDER BY "schema_migrations"."version" ASC[0m
  ↳ /Users/erinbond/.rbenv/versions/2.5.0/lib/ruby/gems/2.5.0/gems/activerecord-5.2.6/lib/active_record/log_subscriber.rb:98
Processing by UserController#new as HTML
  Rendering user/new.html.erb within layouts/application
  Rendered user/new.html.erb within layouts/application (13.7ms)
Completed 200 OK in 60ms (Views: 58.4ms | ActiveRecord: 0.0ms)


Started POST "/users" for ::1 at 2021-12-20 10:55:31 -0500
Processing by UserController#create as HTML
  Parameters: {"utf8"=>"✓", "authenticity_token"=>"jywiX9Mu95ELaRfmtTfz14ghRemMzLUaA2nZPXFL0eBjs5CcQREcNlFBxN5QZJ4cgT4xczUmOq99cLIqYzIelw==", "user"=>{"username"=>"erin", "password"=>"[FILTERED]"}, "commit"=>"Create Account"}
Completed 500 Internal Server Error in 6ms (ActiveRecord: 0.0ms)


  
LoadError (cannot load such file -- bcrypt):
  
app/models/user.rb:2:in `<class:User>'
app/models/user.rb:1:in `<top (required)>'
app/controllers/user_controller.rb:3:in `create'
Started POST "/users" for ::1 at 2021-12-20 10:56:34 -0500
Processing by UserController#create as HTML
  Parameters: {"utf8"=>"✓", "authenticity_token"=>"jywiX9Mu95ELaRfmtTfz14ghRemMzLUaA2nZPXFL0eBjs5CcQREcNlFBxN5QZJ4cgT4xczUmOq99cLIqYzIelw==", "user"=>{"username"=>"erin", "password"=>"[FILTERED]"}, "commit"=>"Create Account"}
Completed 500 Internal Server Error in 6ms (ActiveRecord: 0.0ms)


  
LoadError (cannot load such file -- bcrypt):
  
app/models/user.rb:2:in `<class:User>'
app/models/user.rb:1:in `<top (required)>'
app/controllers/user_controller.rb:3:in `create'
Started POST "/users" for ::1 at 2021-12-20 10:58:59 -0500
  [1m[35m (0.4ms)[0m  [1m[34mSELECT "schema_migrations"."version" FROM "schema_migrations" ORDER BY "schema_migrations"."version" ASC[0m
  ↳ /Users/erinbond/.rbenv/versions/2.5.0/lib/ruby/gems/2.5.0/gems/activerecord-5.2.6/lib/active_record/log_subscriber.rb:98
Processing by UserController#create as HTML
  Parameters: {"utf8"=>"✓", "authenticity_token"=>"jywiX9Mu95ELaRfmtTfz14ghRemMzLUaA2nZPXFL0eBjs5CcQREcNlFBxN5QZJ4cgT4xczUmOq99cLIqYzIelw==", "user"=>{"username"=>"erin", "password"=>"[FILTERED]"}, "commit"=>"Create Account"}
Completed 500 Internal Server Error in 5ms (ActiveRecord: 0.0ms)


  
LoadError (cannot load such file -- bcrypt):
  
app/models/user.rb:1:in `<top (required)>'
app/controllers/user_controller.rb:3:in `create'
Started POST "/users" for ::1 at 2021-12-20 11:00:27 -0500
Processing by UserController#create as HTML
  Parameters: {"utf8"=>"✓", "authenticity_token"=>"jywiX9Mu95ELaRfmtTfz14ghRemMzLUaA2nZPXFL0eBjs5CcQREcNlFBxN5QZJ4cgT4xczUmOq99cLIqYzIelw==", "user"=>{"username"=>"erin", "password"=>"[FILTERED]"}, "commit"=>"Create Account"}
Completed 500 Internal Server Error in 7ms (ActiveRecord: 0.0ms)


  
LoadError (cannot load such file -- bcrypt):
  
app/models/user.rb:1:in `<top (required)>'
app/controllers/user_controller.rb:3:in `create'
Started POST "/users" for ::1 at 2021-12-20 11:00:45 -0500
Processing by UserController#create as HTML
  Parameters: {"utf8"=>"✓", "authenticity_token"=>"jywiX9Mu95ELaRfmtTfz14ghRemMzLUaA2nZPXFL0eBjs5CcQREcNlFBxN5QZJ4cgT4xczUmOq99cLIqYzIelw==", "user"=>{"username"=>"erin", "password"=>"[FILTERED]"}, "commit"=>"Create Account"}
Completed 500 Internal Server Error in 3ms (ActiveRecord: 0.0ms)


  
LoadError (cannot load such file -- bcrypt):
  
app/models/user.rb:2:in `<class:User>'
app/models/user.rb:1:in `<top (required)>'
app/controllers/user_controller.rb:3:in `create'
Started POST "/users" for ::1 at 2021-12-20 11:01:13 -0500
  [1m[35m (0.4ms)[0m  [1m[34mSELECT "schema_migrations"."version" FROM "schema_migrations" ORDER BY "schema_migrations"."version" ASC[0m
  ↳ /Users/erinbond/.rbenv/versions/2.5.0/lib/ruby/gems/2.5.0/gems/activerecord-5.2.6/lib/active_record/log_subscriber.rb:98
Processing by UserController#create as HTML
  Parameters: {"utf8"=>"✓", "authenticity_token"=>"jywiX9Mu95ELaRfmtTfz14ghRemMzLUaA2nZPXFL0eBjs5CcQREcNlFBxN5QZJ4cgT4xczUmOq99cLIqYzIelw==", "user"=>{"username"=>"erin", "password"=>"[FILTERED]"}, "commit"=>"Create Account"}
  [1m[35m (0.0ms)[0m  [1m[36mbegin transaction[0m
  ↳ app/controllers/user_controller.rb:4
  [1m[36mUser Create (5.9ms)[0m  [1m[32mINSERT INTO "users" ("username", "password_digest", "created_at", "updated_at") VALUES (?, ?, ?, ?)[0m  [["username", "erin"], ["password_digest", "$2a$12$dh68mK8AUxNe5joVdc6z8egrcD9/bueGk8lcXSXqE1K/ZjO2Z54GO"], ["created_at", "2021-12-20 16:01:13.943628"], ["updated_at", "2021-12-20 16:01:13.943628"]]
  ↳ app/controllers/user_controller.rb:4
  [1m[35m (1.0ms)[0m  [1m[36mcommit transaction[0m
  ↳ app/controllers/user_controller.rb:4
  Rendering user/create.html.erb within layouts/application
  Rendered user/create.html.erb within layouts/application (0.9ms)
Completed 200 OK in 380ms (Views: 183.8ms | ActiveRecord: 7.4ms)


  [1m[36mUser Load (0.1ms)[0m  [1m[34mSELECT  "users".* FROM "users" ORDER BY "users"."id" ASC LIMIT ?[0m  [["LIMIT", 1]]
Started GET "/" for ::1 at 2021-12-20 11:11:46 -0500
Processing by UserController#index as HTML
  Rendering user/index.html.erb within layouts/application
  Rendered user/index.html.erb within layouts/application (0.2ms)
Completed 200 OK in 52ms (Views: 50.2ms | ActiveRecord: 0.0ms)


Started GET "/" for ::1 at 2021-12-20 11:11:50 -0500
Processing by UserController#index as HTML
  Rendering user/index.html.erb within layouts/application
  Rendered user/index.html.erb within layouts/application (0.2ms)
Completed 200 OK in 15ms (Views: 13.7ms | ActiveRecord: 0.0ms)


Started GET "/" for ::1 at 2021-12-20 11:12:24 -0500
Processing by UserController#index as HTML
  Rendering user/index.html.erb within layouts/application
  Rendered user/index.html.erb within layouts/application (0.4ms)
Completed 200 OK in 16ms (Views: 14.5ms | ActiveRecord: 0.0ms)


Started GET "/" for ::1 at 2021-12-20 11:13:09 -0500
Processing by UserController#index as HTML
  Rendering user/index.html.erb within layouts/application
  Rendered user/index.html.erb within layouts/application (0.3ms)
Completed 200 OK in 16ms (Views: 14.8ms | ActiveRecord: 0.0ms)


Started GET "/" for ::1 at 2021-12-20 11:13:26 -0500
Processing by UserController#index as HTML
  Rendering user/index.html.erb within layouts/application
  Rendered user/index.html.erb within layouts/application (0.3ms)
Completed 200 OK in 17ms (Views: 14.9ms | ActiveRecord: 0.0ms)


Started GET "/login" for ::1 at 2021-12-20 11:13:30 -0500
  
ActionController::RoutingError (No route matches [GET] "/login"):
  
actionpack (5.2.6) lib/action_dispatch/middleware/debug_exceptions.rb:65:in `call'
web-console (3.7.0) lib/web_console/middleware.rb:135:in `call_app'
web-console (3.7.0) lib/web_console/middleware.rb:30:in `block in call'
web-console (3.7.0) lib/web_console/middleware.rb:20:in `catch'
web-console (3.7.0) lib/web_console/middleware.rb:20:in `call'
actionpack (5.2.6) lib/action_dispatch/middleware/show_exceptions.rb:33:in `call'
railties (5.2.6) lib/rails/rack/logger.rb:38:in `call_app'
railties (5.2.6) lib/rails/rack/logger.rb:26:in `block in call'
activesupport (5.2.6) lib/active_support/tagged_logging.rb:71:in `block in tagged'
activesupport (5.2.6) lib/active_support/tagged_logging.rb:28:in `tagged'
activesupport (5.2.6) lib/active_support/tagged_logging.rb:71:in `tagged'
railties (5.2.6) lib/rails/rack/logger.rb:26:in `call'
sprockets-rails (3.4.2) lib/sprockets/rails/quiet_assets.rb:13:in `call'
actionpack (5.2.6) lib/action_dispatch/middleware/remote_ip.rb:81:in `call'
actionpack (5.2.6) lib/action_dispatch/middleware/request_id.rb:27:in `call'
rack (2.2.3) lib/rack/method_override.rb:24:in `call'
rack (2.2.3) lib/rack/runtime.rb:22:in `call'
activesupport (5.2.6) lib/active_support/cache/strategy/local_cache_middleware.rb:29:in `call'
actionpack (5.2.6) lib/action_dispatch/middleware/executor.rb:14:in `call'
actionpack (5.2.6) lib/action_dispatch/middleware/static.rb:127:in `call'
rack (2.2.3) lib/rack/sendfile.rb:110:in `call'
railties (5.2.6) lib/rails/engine.rb:524:in `call'
puma (3.12.6) lib/puma/configuration.rb:227:in `call'
puma (3.12.6) lib/puma/server.rb:706:in `handle_request'
puma (3.12.6) lib/puma/server.rb:476:in `process_client'
puma (3.12.6) lib/puma/server.rb:334:in `block in run'
puma (3.12.6) lib/puma/thread_pool.rb:135:in `block in spawn_thread'
Started GET "/login" for ::1 at 2021-12-20 11:16:06 -0500
Processing by SessionsController#new as HTML
  Rendering sessions/new.html.erb within layouts/application
  Rendered sessions/new.html.erb within layouts/application (0.7ms)
Completed 200 OK in 33ms (Views: 31.1ms | ActiveRecord: 0.0ms)


Started POST "/login" for ::1 at 2021-12-20 11:16:13 -0500
Processing by SessionsController#create as HTML
  Parameters: {"utf8"=>"✓", "authenticity_token"=>"od5PbiGwJt0/7TficJQzzeo8MKxbyhhZVryOAMg7qTBNQf2ts4/NemXF5NqVx14G4yNENuIgl+wopeUX2kJmRw==", "username"=>"erin", "password"=>"[FILTERED]", "commit"=>"Log In"}
  [1m[36mUser Load (0.1ms)[0m  [1m[34mSELECT  "users".* FROM "users" LIMIT ?[0m  [["LIMIT", 1]]
  ↳ app/controllers/sessions_controller.rb:6
Redirected to http://localhost:3000/
Completed 302 Found in 187ms (ActiveRecord: 0.7ms)


Started GET "/" for ::1 at 2021-12-20 11:16:13 -0500
Processing by UserController#index as HTML
  Rendering user/index.html.erb within layouts/application
  [1m[36mUser Load (0.1ms)[0m  [1m[34mSELECT  "users".* FROM "users" WHERE "users"."id" = ? LIMIT ?[0m  [["id", 1], ["LIMIT", 1]]
  ↳ app/controllers/application_controller.rb:3
  Rendered user/index.html.erb within layouts/application (1.9ms)
Completed 200 OK in 19ms (Views: 16.7ms | ActiveRecord: 0.1ms)


Started GET "/logout" for ::1 at 2021-12-20 11:16:22 -0500
Processing by SessionsController#destroy as HTML
Redirected to http://localhost:3000/login
Completed 302 Found in 1ms (ActiveRecord: 0.0ms)


Started GET "/login" for ::1 at 2021-12-20 11:16:22 -0500
Processing by SessionsController#new as HTML
  Rendering sessions/new.html.erb within layouts/application
  Rendered sessions/new.html.erb within layouts/application (0.7ms)
Completed 200 OK in 19ms (Views: 16.9ms | ActiveRecord: 0.0ms)


Started GET "/login" for ::1 at 2021-12-20 11:16:46 -0500
Processing by SessionsController#new as HTML
  Rendering sessions/new.html.erb within layouts/application
  Rendered sessions/new.html.erb within layouts/application (0.6ms)
Completed 200 OK in 18ms (Views: 16.3ms | ActiveRecord: 0.0ms)


Started GET "/login" for ::1 at 2021-12-20 11:16:57 -0500
Processing by SessionsController#new as HTML
  Rendering sessions/new.html.erb within layouts/application
  Rendered sessions/new.html.erb within layouts/application (0.6ms)
Completed 200 OK in 19ms (Views: 17.2ms | ActiveRecord: 0.0ms)


Started GET "/login" for ::1 at 2021-12-20 11:17:10 -0500
Processing by SessionsController#new as HTML
  Rendering sessions/new.html.erb within layouts/application
  Rendered sessions/new.html.erb within layouts/application (0.6ms)
Completed 200 OK in 18ms (Views: 16.4ms | ActiveRecord: 0.0ms)


Started POST "/login" for ::1 at 2021-12-20 11:17:24 -0500
Processing by SessionsController#create as HTML
  Parameters: {"utf8"=>"✓", "authenticity_token"=>"eXOFkVOfQYvaIcFLmzHNsotdXyAi5zyNdIOjlSUpbuCV7DdSwaCqLIAJEnN+YqB5gkIrupsNszgKmsiCN1Chlw==", "username"=>"erin", "password"=>"[FILTERED]", "commit"=>"Log In"}
  [1m[36mUser Load (0.1ms)[0m  [1m[34mSELECT  "users".* FROM "users" LIMIT ?[0m  [["LIMIT", 1]]
  ↳ app/controllers/sessions_controller.rb:6
Redirected to http://localhost:3000/
Completed 302 Found in 178ms (ActiveRecord: 0.1ms)


Started GET "/" for ::1 at 2021-12-20 11:17:24 -0500
Processing by UserController#index as HTML
  Rendering user/index.html.erb within layouts/application
  [1m[36mUser Load (0.1ms)[0m  [1m[34mSELECT  "users".* FROM "users" WHERE "users"."id" = ? LIMIT ?[0m  [["id", 1], ["LIMIT", 1]]
  ↳ app/controllers/application_controller.rb:3
  Rendered user/index.html.erb within layouts/application (1.1ms)
Completed 200 OK in 31ms (Views: 29.0ms | ActiveRecord: 0.1ms)


  [1m[35m (0.1ms)[0m  [1m[34mSELECT "schema_migrations"."version" FROM "schema_migrations" ORDER BY "schema_migrations"."version" ASC[0m
  ↳ /Users/erinbond/.rbenv/versions/2.5.0/bin/rake:23
Migrating to CreateCheckouts (20211220221613)
  [1m[35m (0.0ms)[0m  [1m[36mbegin transaction[0m
  ↳ /Users/erinbond/.rbenv/versions/2.5.0/bin/rake:23
  [1m[35m (0.0ms)[0m  [1m[34mSELECT sqlite_version(*)[0m
  ↳ db/migrate/20211220221613_create_checkouts.rb:3
  [1m[35m (0.4ms)[0m  [1m[35mCREATE TABLE "checkouts" ("id" integer PRIMARY KEY AUTOINCREMENT NOT NULL, "user_id" integer, "book_id" integer, "checkout_date" date, "checkin_date" date, "created_at" datetime NOT NULL, "updated_at" datetime NOT NULL)[0m
  ↳ db/migrate/20211220221613_create_checkouts.rb:3
  [1m[35m (0.1ms)[0m  [1m[35mCREATE  INDEX "index_checkouts_on_book_id" ON "checkouts" ("book_id")[0m
  ↳ db/migrate/20211220221613_create_checkouts.rb:11
  [1m[35m (0.1ms)[0m  [1m[35mCREATE  INDEX "index_checkouts_on_checkout_date" ON "checkouts" ("checkout_date")[0m
  ↳ db/migrate/20211220221613_create_checkouts.rb:12
  [1m[35m (0.1ms)[0m  [1m[35mCREATE  INDEX "index_checkouts_on_checkin_date" ON "checkouts" ("checkin_date")[0m
  ↳ db/migrate/20211220221613_create_checkouts.rb:13
  [1m[36mActiveRecord::SchemaMigration Create (0.1ms)[0m  [1m[32mINSERT INTO "schema_migrations" ("version") VALUES (?)[0m  [["version", "20211220221613"]]
  ↳ /Users/erinbond/.rbenv/versions/2.5.0/bin/rake:23
  [1m[35m (0.9ms)[0m  [1m[36mcommit transaction[0m
  ↳ /Users/erinbond/.rbenv/versions/2.5.0/bin/rake:23
  [1m[36mActiveRecord::InternalMetadata Load (0.1ms)[0m  [1m[34mSELECT  "ar_internal_metadata".* FROM "ar_internal_metadata" WHERE "ar_internal_metadata"."key" = ? LIMIT ?[0m  [["key", "environment"], ["LIMIT", 1]]
  ↳ /Users/erinbond/.rbenv/versions/2.5.0/bin/rake:23
  [1m[35m (0.0ms)[0m  [1m[36mbegin transaction[0m
  ↳ /Users/erinbond/.rbenv/versions/2.5.0/bin/rake:23
  [1m[35m (0.0ms)[0m  [1m[36mcommit transaction[0m
  ↳ /Users/erinbond/.rbenv/versions/2.5.0/bin/rake:23
  [1m[35m (0.1ms)[0m  [1m[34mSELECT "schema_migrations"."version" FROM "schema_migrations" ORDER BY "schema_migrations"."version" ASC[0m
  ↳ /Users/erinbond/.rbenv/versions/2.5.0/bin/rake:23
